Script started on 2022-02-15 11:23:56+08:00 [TERM="xterm-256color" TTY="/dev/pts/3" COLUMNS="120" LINES="30"]
]0;mjmbalagtas@LAPTOP-FLN8MSJ5: ~/devops-with-docker/part1/exercise7[01;32mmjmbalagtas@LAPTOP-FLN8MSJ5[00m:[01;34m~/devops-with-docker/part1/exercise7[00m$ docker build . -t web-server
[1A[1B[0G[?25l[+] Building 0.0s (0/1)                                                                                                 
[?25h[1A[0G[?25l[+] Building 0.1s (4/5)                                                                                                 
[34m => [internal] load build definition from Dockerfile                                                               0.0s
[0m[34m => => transferring dockerfile: 100B                                                                               0.0s
[0m[34m => [internal] load .dockerignore                                                                                  0.0s
[0m[34m => => transferring context: 2B                                                                                    0.0s
[0m[34m => [internal] load metadata for docker.io/devopsdockeruh/simple-web-service:alpine                                0.0s
[0m[34m => CACHED [1/1] FROM docker.io/devopsdockeruh/simple-web-service:alpine                                           0.0s
[0m => exporting to image                                                                                             0.0s
[34m => => exporting layers                                                                                            0.0s
[0m => => writing image sha256:978fbf315695ef5a3ec2e77ee411c4dcd9aa9b867fbc7ea3d26962545fda0585                       0.0s
[?25h[1A[1A[1A[1A[1A[1A[1A[1A[1A[1A[0G[?25l[+] Building 0.1s (5/5) FINISHED                                                                                        
[34m => [internal] load build definition from Dockerfile                                                               0.0s
[0m[34m => => transferring dockerfile: 100B                                                                               0.0s
[0m[34m => [internal] load .dockerignore                                                                                  0.0s
[0m[34m => => transferring context: 2B                                                                                    0.0s
[0m[34m => [internal] load metadata for docker.io/devopsdockeruh/simple-web-service:alpine                                0.0s
[0m[34m => CACHED [1/1] FROM docker.io/devopsdockeruh/simple-web-service:alpine                                           0.0s
[0m[34m => exporting to image                                                                                             0.0s
[0m[34m => => exporting layers                                                                                            0.0s
[0m[34m => => writing image sha256:978fbf315695ef5a3ec2e77ee411c4dcd9aa9b867fbc7ea3d26962545fda0585                       0.0s
[0m[34m => => naming to docker.io/library/web-server                                                                      0.0s
[0m[?25h
Use 'docker scan' to run Snyk tests against images to find vulnerabilities and learn how to fix them
]0;mjmbalagtas@LAPTOP-FLN8MSJ5: ~/devops-with-docker/part1/exercise7[01;32mmjmbalagtas@LAPTOP-FLN8MSJ5[00m:[01;34m~/devops-with-docker/part1/exercise7[00m$ docker run web-server
[GIN-debug] [WARNING] Creating an Engine instance with the Logger and Recovery middleware already attached.

[GIN-debug] [WARNING] Running in "debug" mode. Switch to "release" mode in production.
 - using env:	export GIN_MODE=release
 - using code:	gin.SetMode(gin.ReleaseMode)

[GIN-debug] GET    /*path                    --> server.Start.func1 (3 handlers)
[GIN-debug] Listening and serving HTTP on :8080
^C]0;mjmbalagtas@LAPTOP-FLN8MSJ5: ~/devops-with-docker/part1/exercise7[01;32mmjmbalagtas@LAPTOP-FLN8MSJ5[00m:[01;34m~/devops-with-docker/part1/exercise7[00m$ exit
exit

Script done on 2022-02-15 11:24:34+08:00 [COMMAND_EXIT_CODE="2"]
